# JRE version: OpenJDK Runtime Environment Microsoft-8297089 (17.0.8.1+1) (build 17.0.8.1+1-LTS)
# Java VM: OpenJDK 64-Bit Server VM Microsoft-8297089 (17.0.8.1+1-LTS, mixed mode, sharing, tiered, compressed oops, compressed class ptrs, g1 gc, windows-amd64)
GC Precious Log:
 CPUs: 4 total, 4 available
 Memory: 6093M
 Large Page Support: Disabled
 NUMA Support: Disabled
 Compressed Oops: Enabled (32-bit)
 Heap Region Size: 1M
 Heap Min Capacity: 8M
 Heap Initial Capacity: 96M
 Heap Max Capacity: 2G
 Pre-touch: Disabled
 Parallel Workers: 4
 Concurrent Workers: 1
 Concurrent Refinement Workers: 4
 Periodic GC: Disabled
Heap:
 garbage-first heap   total 246784K, used 176757K [0x0000000080000000, 0x0000000100000000)
  region size 1024K, 12 young (12288K), 6 survivors (6144K)
 Metaspace       used 100492K, committed 101632K, reserved 557056K
  class space    used 13845K, committed 14400K, reserved 425984K
GC Heap History (20 events):
Event: 36.813 GC heap before
{Heap before GC invocations=39 (full 0):
 garbage-first heap   total 246784K, used 190532K [0x0000000080000000, 0x0000000100000000)
  region size 1024K, 103 young (105472K), 1 survivors (1024K)
 Metaspace       used 81218K, committed 81920K, reserved 557056K
  class space    used 11270K, committed 11584K, reserved 425984K
}
Event: 36.832 GC heap after
{Heap after GC invocations=40 (full 0):
 garbage-first heap   total 246784K, used 97633K [0x0000000080000000, 0x0000000100000000)
  region size 1024K, 12 young (12288K), 12 survivors (12288K)
 Metaspace       used 81218K, committed 81920K, reserved 557056K
  class space    used 11270K, committed 11584K, reserved 425984K
}
Event: 39.715 GC heap before
{Heap before GC invocations=40 (full 0):
 garbage-first heap   total 246784K, used 195937K [0x0000000080000000, 0x0000000100000000)
  region size 1024K, 102 young (104448K), 12 survivors (12288K)
 Metaspace       used 86056K, committed 86848K, reserved 557056K
  class space    used 11936K, committed 12288K, reserved 425984K
}
Event: 39.749 GC heap after
{Heap after GC invocations=41 (full 0):
 garbage-first heap   total 246784K, used 120266K [0x0000000080000000, 0x0000000100000000)
  region size 1024K, 13 young (13312K), 13 survivors (13312K)
 Metaspace       used 86056K, committed 86848K, reserved 557056K
  class space    used 11936K, committed 12288K, reserved 425984K
}
Event: 41.284 GC heap before
{Heap before GC invocations=41 (full 0):
 garbage-first heap   total 246784K, used 190922K [0x0000000080000000, 0x0000000100000000)
  region size 1024K, 82 young (83968K), 13 survivors (13312K)
 Metaspace       used 90261K, committed 91072K, reserved 557056K
  class space    used 12558K, committed 12928K, reserved 425984K
}
Event: 41.309 GC heap after
{Heap after GC invocations=42 (full 0):
 garbage-first heap   total 246784K, used 126130K [0x0000000080000000, 0x0000000100000000)
  region size 1024K, 6 young (6144K), 6 survivors (6144K)
 Metaspace       used 90261K, committed 91072K, reserved 557056K
  class space    used 12558K, committed 12928K, reserved 425984K
}
Event: 50.231 GC heap before
{Heap before GC invocations=42 (full 0):
 garbage-first heap   total 246784K, used 194738K [0x0000000080000000, 0x0000000100000000)
  region size 1024K, 73 young (74752K), 6 survivors (6144K)
 Metaspace       used 94068K, committed 94976K, reserved 557056K
  class space    used 13055K, committed 13504K, reserved 425984K
}
Event: 50.259 GC heap after
{Heap after GC invocations=43 (full 0):
 garbage-first heap   total 246784K, used 134144K [0x0000000080000000, 0x0000000100000000)
  region size 1024K, 10 young (10240K), 10 survivors (10240K)
 Metaspace       used 94068K, committed 94976K, reserved 557056K
  class space    used 13055K, committed 13504K, reserved 425984K
}
Event: 56.892 GC heap before
{Heap before GC invocations=43 (full 0):
 garbage-first heap   total 246784K, used 196608K [0x0000000080000000, 0x0000000100000000)
  region size 1024K, 72 young (73728K), 10 survivors (10240K)
 Metaspace       used 94485K, committed 95360K, reserved 557056K
  class space    used 13071K, committed 13504K, reserved 425984K
}
Event: 56.930 GC heap after
{Heap after GC invocations=44 (full 0):
 garbage-first heap   total 246784K, used 143762K [0x0000000080000000, 0x0000000100000000)
  region size 1024K, 9 young (9216K), 9 survivors (9216K)
 Metaspace       used 94485K, committed 95360K, reserved 557056K
  class space    used 13071K, committed 13504K, reserved 425984K
}
Event: 58.353 GC heap before
{Heap before GC invocations=44 (full 0):
 garbage-first heap   total 246784K, used 197010K [0x0000000080000000, 0x0000000100000000)
  region size 1024K, 62 young (63488K), 9 survivors (9216K)
 Metaspace       used 98800K, committed 99840K, reserved 557056K
  class space    used 13683K, committed 14208K, reserved 425984K
}
Event: 58.385 GC heap after
{Heap after GC invocations=45 (full 0):
 garbage-first heap   total 246784K, used 151395K [0x0000000080000000, 0x0000000100000000)
  region size 1024K, 8 young (8192K), 8 survivors (8192K)
 Metaspace       used 98800K, committed 99840K, reserved 557056K
  class space    used 13683K, committed 14208K, reserved 425984K
}
Event: 59.974 GC heap before
{Heap before GC invocations=45 (full 0):
 garbage-first heap   total 246784K, used 199523K [0x0000000080000000, 0x0000000100000000)
  region size 1024K, 55 young (56320K), 8 survivors (8192K)
 Metaspace       used 99400K, committed 100480K, reserved 557056K
  class space    used 13739K, committed 14272K, reserved 425984K
}
Event: 60.015 GC heap after
{Heap after GC invocations=46 (full 0):
 garbage-first heap   total 246784K, used 159744K [0x0000000080000000, 0x0000000100000000)
  region size 1024K, 7 young (7168K), 7 survivors (7168K)
 Metaspace       used 99400K, committed 100480K, reserved 557056K
  class space    used 13739K, committed 14272K, reserved 425984K
}
Event: 61.554 GC heap before
{Heap before GC invocations=46 (full 0):
 garbage-first heap   total 246784K, used 200704K [0x0000000080000000, 0x0000000100000000)
  region size 1024K, 48 young (49152K), 7 survivors (7168K)
 Metaspace       used 99975K, committed 101056K, reserved 557056K
  class space    used 13794K, committed 14336K, reserved 425984K
}
Event: 61.583 GC heap after
{Heap after GC invocations=47 (full 0):
 garbage-first heap   total 246784K, used 164576K [0x0000000080000000, 0x0000000100000000)
  region size 1024K, 4 young (4096K), 4 survivors (4096K)
 Metaspace       used 99975K, committed 101056K, reserved 557056K
  class space    used 13794K, committed 14336K, reserved 425984K
}
Event: 62.785 GC heap before
{Heap before GC invocations=47 (full 0):
 garbage-first heap   total 246784K, used 203488K [0x0000000080000000, 0x0000000100000000)
  region size 1024K, 43 young (44032K), 4 survivors (4096K)
 Metaspace       used 100490K, committed 101632K, reserved 557056K
  class space    used 13845K, committed 14400K, reserved 425984K
}
Event: 62.806 GC heap after
{Heap after GC invocations=48 (full 0):
 garbage-first heap   total 246784K, used 167936K [0x0000000080000000, 0x0000000100000000)
  region size 1024K, 3 young (3072K), 3 survivors (3072K)
 Metaspace       used 100490K, committed 101632K, reserved 557056K
  class space    used 13845K, committed 14400K, reserved 425984K
}
Event: 63.498 GC heap before
{Heap before GC invocations=48 (full 0):
 garbage-first heap   total 246784K, used 206848K [0x0000000080000000, 0x0000000100000000)
  region size 1024K, 41 young (41984K), 3 survivors (3072K)
 Metaspace       used 100492K, committed 101632K, reserved 557056K
  class space    used 13845K, committed 14400K, reserved 425984K
}
Event: 63.513 GC heap after
{Heap after GC invocations=49 (full 0):
 garbage-first heap   total 246784K, used 171637K [0x0000000080000000, 0x0000000100000000)
  region size 1024K, 6 young (6144K), 6 survivors (6144K)
 Metaspace       used 100492K, committed 101632K, reserved 557056K
  class space    used 13845K, committed 14400K, reserved 425984K
}

