# JRE version: OpenJDK Runtime Environment Microsoft-8297089 (17.0.8.1+1) (build 17.0.8.1+1-LTS)
# Java VM: OpenJDK 64-Bit Server VM Microsoft-8297089 (17.0.8.1+1-LTS, mixed mode, sharing, tiered, compressed oops, compressed class ptrs, g1 gc, windows-amd64)
GC Precious Log:
 CPUs: 4 total, 4 available
 Memory: 6093M
 Large Page Support: Disabled
 NUMA Support: Disabled
 Compressed Oops: Enabled (32-bit)
 Heap Region Size: 1M
 Heap Min Capacity: 8M
 Heap Initial Capacity: 96M
 Heap Max Capacity: 2G
 Pre-touch: Disabled
 Parallel Workers: 4
 Concurrent Workers: 1
 Concurrent Refinement Workers: 4
 Periodic GC: Disabled
Heap:
 garbage-first heap   total 397312K, used 280214K [0x0000000080000000, 0x0000000100000000)
  region size 1024K, 142 young (145408K), 22 survivors (22528K)
 Metaspace       used 100691K, committed 101760K, reserved 557056K
  class space    used 13861K, committed 14400K, reserved 425984K
GC Heap History (20 events):
Event: 27.168 GC heap before
{Heap before GC invocations=26 (full 0):
 garbage-first heap   total 198656K, used 70453K [0x0000000080000000, 0x0000000100000000)
  region size 1024K, 13 young (13312K), 12 survivors (12288K)
 Metaspace       used 68367K, committed 68992K, reserved 491520K
  class space    used 9406K, committed 9728K, reserved 425984K
}
Event: 27.184 GC heap after
{Heap after GC invocations=27 (full 0):
 garbage-first heap   total 198656K, used 71505K [0x0000000080000000, 0x0000000100000000)
  region size 1024K, 2 young (2048K), 2 survivors (2048K)
 Metaspace       used 68367K, committed 68992K, reserved 491520K
  class space    used 9406K, committed 9728K, reserved 425984K
}
Event: 28.984 GC heap before
{Heap before GC invocations=27 (full 0):
 garbage-first heap   total 198656K, used 151377K [0x0000000080000000, 0x0000000100000000)
  region size 1024K, 79 young (80896K), 2 survivors (2048K)
 Metaspace       used 72944K, committed 73600K, reserved 491520K
  class space    used 9991K, committed 10304K, reserved 425984K
}
Event: 28.996 GC heap after
{Heap after GC invocations=28 (full 0):
 garbage-first heap   total 198656K, used 76536K [0x0000000080000000, 0x0000000100000000)
  region size 1024K, 7 young (7168K), 7 survivors (7168K)
 Metaspace       used 72944K, committed 73600K, reserved 491520K
  class space    used 9991K, committed 10304K, reserved 425984K
}
Event: 37.008 GC heap before
{Heap before GC invocations=28 (full 0):
 garbage-first heap   total 198656K, used 153336K [0x0000000080000000, 0x0000000100000000)
  region size 1024K, 82 young (83968K), 7 survivors (7168K)
 Metaspace       used 79440K, committed 80192K, reserved 557056K
  class space    used 11051K, committed 11392K, reserved 425984K
}
Event: 37.030 GC heap after
{Heap after GC invocations=29 (full 0):
 garbage-first heap   total 198656K, used 83539K [0x0000000080000000, 0x0000000100000000)
  region size 1024K, 7 young (7168K), 7 survivors (7168K)
 Metaspace       used 79440K, committed 80192K, reserved 557056K
  class space    used 11051K, committed 11392K, reserved 425984K
}
Event: 39.909 GC heap before
{Heap before GC invocations=29 (full 0):
 garbage-first heap   total 198656K, used 165459K [0x0000000080000000, 0x0000000100000000)
  region size 1024K, 79 young (80896K), 7 survivors (7168K)
 Metaspace       used 82978K, committed 83712K, reserved 557056K
  class space    used 11542K, committed 11904K, reserved 425984K
}
Event: 39.933 GC heap after
{Heap after GC invocations=30 (full 0):
 garbage-first heap   total 198656K, used 102274K [0x0000000080000000, 0x0000000100000000)
  region size 1024K, 10 young (10240K), 10 survivors (10240K)
 Metaspace       used 82978K, committed 83712K, reserved 557056K
  class space    used 11542K, committed 11904K, reserved 425984K
}
Event: 41.822 GC heap before
{Heap before GC invocations=30 (full 0):
 garbage-first heap   total 198656K, used 164738K [0x0000000080000000, 0x0000000100000000)
  region size 1024K, 65 young (66560K), 10 survivors (10240K)
 Metaspace       used 86272K, committed 87040K, reserved 557056K
  class space    used 11962K, committed 12288K, reserved 425984K
}
Event: 41.852 GC heap after
{Heap after GC invocations=31 (full 0):
 garbage-first heap   total 198656K, used 121494K [0x0000000080000000, 0x0000000100000000)
  region size 1024K, 9 young (9216K), 9 survivors (9216K)
 Metaspace       used 86272K, committed 87040K, reserved 557056K
  class space    used 11962K, committed 12288K, reserved 425984K
}
Event: 43.042 GC heap before
{Heap before GC invocations=31 (full 0):
 garbage-first heap   total 198656K, used 162454K [0x0000000080000000, 0x0000000100000000)
  region size 1024K, 50 young (51200K), 9 survivors (9216K)
 Metaspace       used 88732K, committed 89472K, reserved 557056K
  class space    used 12335K, committed 12672K, reserved 425984K
}
Event: 43.060 GC heap after
{Heap after GC invocations=32 (full 0):
 garbage-first heap   total 198656K, used 124999K [0x0000000080000000, 0x0000000100000000)
  region size 1024K, 3 young (3072K), 3 survivors (3072K)
 Metaspace       used 88732K, committed 89472K, reserved 557056K
  class space    used 12335K, committed 12672K, reserved 425984K
}
Event: 44.222 GC heap before
{Heap before GC invocations=32 (full 0):
 garbage-first heap   total 198656K, used 164935K [0x0000000080000000, 0x0000000100000000)
  region size 1024K, 42 young (43008K), 3 survivors (3072K)
 Metaspace       used 91390K, committed 92224K, reserved 557056K
  class space    used 12689K, committed 13120K, reserved 425984K
}
Event: 44.234 GC heap after
{Heap after GC invocations=33 (full 0):
 garbage-first heap   total 198656K, used 127917K [0x0000000080000000, 0x0000000100000000)
  region size 1024K, 6 young (6144K), 6 survivors (6144K)
 Metaspace       used 91390K, committed 92224K, reserved 557056K
  class space    used 12689K, committed 13120K, reserved 425984K
}
Event: 45.393 GC heap before
{Heap before GC invocations=33 (full 0):
 garbage-first heap   total 198656K, used 165805K [0x0000000080000000, 0x0000000100000000)
  region size 1024K, 43 young (44032K), 6 survivors (6144K)
 Metaspace       used 93569K, committed 94400K, reserved 557056K
  class space    used 12966K, committed 13376K, reserved 425984K
}
Event: 45.414 GC heap after
{Heap after GC invocations=34 (full 0):
 garbage-first heap   total 198656K, used 133235K [0x0000000080000000, 0x0000000100000000)
  region size 1024K, 6 young (6144K), 6 survivors (6144K)
 Metaspace       used 93569K, committed 94400K, reserved 557056K
  class space    used 12966K, committed 13376K, reserved 425984K
}
Event: 54.174 GC heap before
{Heap before GC invocations=34 (full 0):
 garbage-first heap   total 198656K, used 166003K [0x0000000080000000, 0x0000000100000000)
  region size 1024K, 38 young (38912K), 6 survivors (6144K)
 Metaspace       used 94322K, committed 95296K, reserved 557056K
  class space    used 13075K, committed 13568K, reserved 425984K
}
Event: 54.198 GC heap after
{Heap after GC invocations=35 (full 0):
 garbage-first heap   total 397312K, used 137274K [0x0000000080000000, 0x0000000100000000)
  region size 1024K, 4 young (4096K), 4 survivors (4096K)
 Metaspace       used 94322K, committed 95296K, reserved 557056K
  class space    used 13075K, committed 13568K, reserved 425984K
}
Event: 64.875 GC heap before
{Heap before GC invocations=35 (full 0):
 garbage-first heap   total 397312K, used 307258K [0x0000000080000000, 0x0000000100000000)
  region size 1024K, 170 young (174080K), 4 survivors (4096K)
 Metaspace       used 99977K, committed 101056K, reserved 557056K
  class space    used 13806K, committed 14336K, reserved 425984K
}
Event: 64.941 GC heap after
{Heap after GC invocations=36 (full 0):
 garbage-first heap   total 397312K, used 159382K [0x0000000080000000, 0x0000000100000000)
  region size 1024K, 22 young (22528K), 22 survivors (22528K)
 Metaspace       used 99977K, committed 101056K, reserved 557056K
  class space    used 13806K, committed 14336K, reserved 425984K
}

